#
# A fatal error has been detected by the Java Runtime Environment:
#
#  EXCEPTION_ACCESS_VIOLATION (0xc0000005) at pc=0x00007ffd9aeb38ec, pid=5252, tid=0x0000000000000d2c
#
# JRE version: Java(TM) SE Runtime Environment (8.0_121-b13) (build 1.8.0_121-b13)
# Java VM: Java HotSpot(TM) 64-Bit Server VM (25.121-b13 mixed mode windows-amd64 compressed oops)
# Problematic frame:
# C  [ig7icd64.dll+0x938ec]
#
# Failed to write core dump. Minidumps are not enabled by default on client versions of Windows
#
# If you would like to submit a bug report, please visit:
#   http://bugreport.java.com/bugreport/crash.jsp
# The crash happened outside the Java Virtual Machine in native code.
# See problematic frame for where to report the bug.
#

---------------  T H R E A D  ---------------

Current thread (0x00000000173d4800):  JavaThread "LWJGL Application" [_thread_in_native, id=3372, stack(0x0000000018700000,0x0000000018800000)]

siginfo: ExceptionCode=0xc0000005, reading address 0x000000001b9df000

Registers:
RAX=0x0000000000001c98, RBX=0x0000000018a74600, RCX=0x0000000000000000, RDX=0x000000001b9def88
RSP=0x00000000187fb8e0, RBP=0x00000000187fba10, RSI=0x0000000000000004, RDI=0x000000001c3e4c00
R8 =0x0000000000117ff0, R9 =0x00000000000022ff, R10=0x0000000000001c98, R11=0x00000000187fc050
R12=0x00000000187fc05c, R13=0x0000000000117ff0, R14=0x000000001aae7980, R15=0x0000000000000000
RIP=0x00007ffd9aeb38ec, EFLAGS=0x0000000000010207

Top of Stack: (sp=0x00000000187fb8e0)
0x00000000187fb8e0:   0000000000000000 0000000000000000
0x00000000187fb8f0:   0000000000000000 0000000000000000
0x00000000187fb900:   00000000187fc058 00007ffd9af9b828
0x00000000187fb910:   00000000187fba10 00000000187fc05c
0x00000000187fb920:   0000000018a74600 0000000000000004
0x00000000187fb930:   dfeebf5300000000 00000000187fc05c
0x00000000187fb940:   00000000187fc058 00000000187fc050
0x00000000187fb950:   00000000187fc6e8 9f17af7a75b4dc13
0x00000000187fb960:   3738c53300000001 0000000018a90900
0x00000000187fb970:   0000000000000000 868a3f7700000000
0x00000000187fb980:   00000000187fc050 000000001ab1e350
0x00000000187fb990:   9def631500000000 00000000189003b0
0x00000000187fb9a0:   000000004566bf87 6fd96fcbbeb230ef
0x00000000187fb9b0:   00000000189003b4 00000000189003c4
0x00000000187fb9c0:   0000000000000000 0000000000000000
0x00000000187fb9d0:   8272d1b900000040 44dc5ea200000014 

Instructions: (pc=0x00007ffd9aeb38ec)
0x00007ffd9aeb38cc:   6a 20 41 ff c2 48 83 ef 80 41 8b c2 f3 0f 6f 62
0x00007ffd9aeb38dc:   30 f3 0f 6f 5a 40 f3 0f 6f 52 50 f3 0f 6f 4a 60
0x00007ffd9aeb38ec:   f3 0f 6f 42 70 66 0f e7 7f 80 48 83 ea 80 66 0f
0x00007ffd9aeb38fc:   e7 77 90 66 0f e7 6f a0 66 0f e7 67 b0 66 0f e7 


Register to memory mapping:

RAX=0x0000000000001c98 is an unknown value
RBX=0x0000000018a74600 is an unknown value
RCX=0x0000000000000000 is an unknown value
RDX=0x000000001b9def88 is an unknown value
RSP=0x00000000187fb8e0 is pointing into the stack for thread: 0x00000000173d4800
RBP=0x00000000187fba10 is pointing into the stack for thread: 0x00000000173d4800
RSI=0x0000000000000004 is an unknown value
RDI=0x000000001c3e4c00 is an unknown value
R8 =0x0000000000117ff0 is an unknown value
R9 =0x00000000000022ff is an unknown value
R10=0x0000000000001c98 is an unknown value
R11=0x00000000187fc050 is pointing into the stack for thread: 0x00000000173d4800
R12=0x00000000187fc05c is pointing into the stack for thread: 0x00000000173d4800
R13=0x0000000000117ff0 is an unknown value
R14=0x000000001aae7980 is an unknown value
R15=0x0000000000000000 is an unknown value


Stack: [0x0000000018700000,0x0000000018800000],  sp=0x00000000187fb8e0,  free space=1006k
Native frames: (J=compiled Java code, j=interpreted, Vv=VM code, C=native code)
C  [ig7icd64.dll+0x938ec]
C  [ig7icd64.dll+0x17b828]
C  [ig7icd64.dll+0x2159d4]
C  [ig7icd64.dll+0x6d4ee]
C  [ig7icd64.dll+0x243e25]
C  [ig7icd64.dll+0x92b95]
C  [ig7icd64.dll+0x2a4218]
C  [ig7icd64.dll+0x2a43ba]
C  [ig7icd64.dll+0x2a5efa]
C  0x00000000031b7f74

Java frames: (J=compiled Java code, j=interpreted, Vv=VM code)
j  org.lwjgl.opengl.GL11.nglDrawElements(IIIJJ)V+0
j  org.lwjgl.opengl.GL11.glDrawElements(ILjava/nio/ShortBuffer;)V+34
j  com.badlogic.gdx.backends.lwjgl.LwjglGL20.glDrawElements(IIILjava/nio/Buffer;)V+21
j  com.badlogic.gdx.graphics.Mesh.render(Lcom/badlogic/gdx/graphics/glutils/ShaderProgram;IIIZ)V+88
j  com.badlogic.gdx.graphics.Mesh.render(Lcom/badlogic/gdx/graphics/glutils/ShaderProgram;III)V+10
j  com.badlogic.gdx.graphics.g2d.SpriteBatch.flush()V+176
j  com.badlogic.gdx.graphics.g2d.SpriteBatch.end()V+25
j  GameGui.Screen.StartScreen.render(F)V+165
j  com.badlogic.gdx.Game.render()V+19
j  com.badlogic.gdx.backends.lwjgl.LwjglApplication.mainLoop()V+698
j  com.badlogic.gdx.backends.lwjgl.LwjglApplication$1.run()V+27
v  ~StubRoutines::call_stub

---------------  P R O C E S S  ---------------

Java Threads: ( => current thread )
  0x0000000017a01800 JavaThread "LWJGL Timer" daemon [_thread_blocked, id=5436, stack(0x0000000024ab0000,0x0000000024bb0000)]
  0x0000000017f39000 JavaThread "Thread-0" [_thread_blocked, id=4540, stack(0x000000001cc90000,0x000000001cd90000)]
  0x0000000021bd5800 JavaThread "Thread-2" [_thread_blocked, id=5656, stack(0x000000001c200000,0x000000001c300000)]
  0x0000000017ea0000 JavaThread "AsynchExecutor-Thread" daemon [_thread_blocked, id=3560, stack(0x000000001bbe0000,0x000000001bce0000)]
  0x00000000030a2800 JavaThread "DestroyJavaVM" [_thread_blocked, id=1892, stack(0x0000000002ec0000,0x0000000002fc0000)]
=>0x00000000173d4800 JavaThread "LWJGL Application" [_thread_in_native, id=3372, stack(0x0000000018700000,0x0000000018800000)]
  0x0000000017111000 JavaThread "Service Thread" daemon [_thread_blocked, id=212, stack(0x00000000174c0000,0x00000000175c0000)]
  0x0000000015782800 JavaThread "C1 CompilerThread2" daemon [_thread_blocked, id=844, stack(0x0000000016fc0000,0x00000000170c0000)]
  0x0000000015773800 JavaThread "C2 CompilerThread1" daemon [_thread_blocked, id=7948, stack(0x0000000016ec0000,0x0000000016fc0000)]
  0x0000000015771800 JavaThread "C2 CompilerThread0" daemon [_thread_blocked, id=5024, stack(0x0000000016dc0000,0x0000000016ec0000)]
  0x000000001576e800 JavaThread "Attach Listener" daemon [_thread_blocked, id=9968, stack(0x0000000016cc0000,0x0000000016dc0000)]
  0x000000001576b000 JavaThread "Signal Dispatcher" daemon [_thread_blocked, id=4736, stack(0x0000000016bc0000,0x0000000016cc0000)]
  0x000000001575a800 JavaThread "Finalizer" daemon [_thread_blocked, id=8664, stack(0x00000000169c0000,0x0000000016ac0000)]
  0x0000000003191000 JavaThread "Reference Handler" daemon [_thread_blocked, id=6116, stack(0x00000000168c0000,0x00000000169c0000)]

Other Threads:
  0x0000000015738000 VMThread [stack: 0x00000000167c0000,0x00000000168c0000] [id=8336]
  0x0000000017116800 WatcherThread [stack: 0x00000000175c0000,0x00000000176c0000] [id=7900]

VM state:not at safepoint (normal execution)

VM Mutex/Monitor currently owned by a thread: None

Heap:
 PSYoungGen      total 79360K, used 50398K [0x00000000eb400000, 0x00000000f2500000, 0x0000000100000000)
  eden space 56320K, 54% used [0x00000000eb400000,0x00000000ed1e7958,0x00000000eeb00000)
  from space 23040K, 85% used [0x00000000f0e80000,0x00000000f21d0000,0x00000000f2500000)
  to   space 29696K, 0% used [0x00000000eeb00000,0x00000000eeb00000,0x00000000f0800000)
 ParOldGen       total 56320K, used 10970K [0x00000000c1c00000, 0x00000000c5300000, 0x00000000eb400000)
  object space 56320K, 19% used [0x00000000c1c00000,0x00000000c26b6ab8,0x00000000c5300000)
 Metaspace       used 10994K, capacity 11097K, committed 11264K, reserved 1058816K
  class space    used 1144K, capacity 1169K, committed 1280K, reserved 1048576K

Card table byte_map: [0x0000000012560000,0x0000000012760000] byte_map_base: 0x0000000011f52000

Marking Bits: (ParMarkBitMap*) 0x000000007071b6d0
 Begin Bits: [0x0000000012cb0000, 0x0000000013c40000)
 End Bits:   [0x0000000013c40000, 0x0000000014bd0000)

Polling page: 0x0000000002e70000

CodeCache: size=245760Kb used=4476Kb max_used=4476Kb free=241283Kb
 bounds [0x00000000031a0000, 0x0000000003610000, 0x00000000121a0000]
 total_blobs=1737 nmethods=1177 adapters=473
 compilation: enabled

Compilation events (10 events):
Event: 3.381 Thread 0x0000000015782800 nmethod 1137 0x00000000035e5910 code [0x00000000035e5a80, 0x00000000035e5cf0]
Event: 3.381 Thread 0x0000000015782800 1138       1       com.badlogic.gdx.graphics.glutils.VertexBufferObject::getAttributes (5 bytes)
Event: 3.381 Thread 0x0000000015782800 nmethod 1138 0x00000000035ea690 code [0x00000000035ea7e0, 0x00000000035ea8f0]
Event: 3.381 Thread 0x0000000015782800 1139       3       com.badlogic.gdx.utils.Array::clear (33 bytes)
Event: 3.381 Thread 0x0000000015782800 nmethod 1139 0x00000000035ea950 code [0x00000000035eaac0, 0x00000000035eae30]
Event: 3.381 Thread 0x0000000015782800 1140       3       com.badlogic.gdx.math.Matrix4::mul (13 bytes)
Event: 3.381 Thread 0x0000000015782800 nmethod 1140 0x00000000035eafd0 code [0x00000000035eb140, 0x00000000035eb2e8]
Event: 3.381 Thread 0x0000000015782800 1141       3       com.badlogic.gdx.utils.Array::<init> (7 bytes)
Event: 3.382 Thread 0x0000000015782800 nmethod 1141 0x00000000035eb3d0 code [0x00000000035eb540, 0x00000000035eb7f0]
Event: 3.382 Thread 0x0000000015782800 1143       3       com.badlogic.gdx.utils.TimSort::countRunAndMakeAscending (109 bytes)

GC Heap History (10 events):
Event: 1.157 GC heap before
{Heap before GC invocations=3 (full 0):
 PSYoungGen      total 18944K, used 18931K [0x00000000eb400000, 0x00000000ec900000, 0x0000000100000000)
  eden space 16384K, 100% used [0x00000000eb400000,0x00000000ec400000,0x00000000ec400000)
  from space 2560K, 99% used [0x00000000ec680000,0x00000000ec8fcf60,0x00000000ec900000)
  to   space 2560K, 0% used [0x00000000ec400000,0x00000000ec400000,0x00000000ec680000)
 ParOldGen       total 44032K, used 1975K [0x00000000c1c00000, 0x00000000c4700000, 0x00000000eb400000)
  object space 44032K, 4% used [0x00000000c1c00000,0x00000000c1dedc70,0x00000000c4700000)
 Metaspace       used 9647K, capacity 9747K, committed 10112K, reserved 1058816K
  class space    used 999K, capacity 1040K, committed 1152K, reserved 1048576K
Event: 1.159 GC heap after
Heap after GC invocations=3 (full 0):
 PSYoungGen      total 18944K, used 2279K [0x00000000eb400000, 0x00000000ed900000, 0x0000000100000000)
  eden space 16384K, 0% used [0x00000000eb400000,0x00000000eb400000,0x00000000ec400000)
  from space 2560K, 89% used [0x00000000ec400000,0x00000000ec639d80,0x00000000ec680000)
  to   space 2560K, 0% used [0x00000000ed680000,0x00000000ed680000,0x00000000ed900000)
 ParOldGen       total 44032K, used 1983K [0x00000000c1c00000, 0x00000000c4700000, 0x00000000eb400000)
  object space 44032K, 4% used [0x00000000c1c00000,0x00000000c1defc70,0x00000000c4700000)
 Metaspace       used 9647K, capacity 9747K, committed 10112K, reserved 1058816K
  class space    used 999K, capacity 1040K, committed 1152K, reserved 1048576K
}
Event: 1.207 GC heap before
{Heap before GC invocations=4 (full 0):
 PSYoungGen      total 18944K, used 18663K [0x00000000eb400000, 0x00000000ed900000, 0x0000000100000000)
  eden space 16384K, 100% used [0x00000000eb400000,0x00000000ec400000,0x00000000ec400000)
  from space 2560K, 89% used [0x00000000ec400000,0x00000000ec639d80,0x00000000ec680000)
  to   space 2560K, 0% used [0x00000000ed680000,0x00000000ed680000,0x00000000ed900000)
 ParOldGen       total 44032K, used 1983K [0x00000000c1c00000, 0x00000000c4700000, 0x00000000eb400000)
  object space 44032K, 4% used [0x00000000c1c00000,0x00000000c1defc70,0x00000000c4700000)
 Metaspace       used 9653K, capacity 9747K, committed 10112K, reserved 1058816K
  class space    used 999K, capacity 1040K, committed 1152K, reserved 1048576K
Event: 1.226 GC heap after
Heap after GC invocations=4 (full 0):
 PSYoungGen      total 35328K, used 2534K [0x00000000eb400000, 0x00000000ed900000, 0x0000000100000000)
  eden space 32768K, 0% used [0x00000000eb400000,0x00000000eb400000,0x00000000ed400000)
  from space 2560K, 98% used [0x00000000ed680000,0x00000000ed8f9980,0x00000000ed900000)
  to   space 2560K, 0% used [0x00000000ed400000,0x00000000ed400000,0x00000000ed680000)
 ParOldGen       total 44032K, used 8968K [0x00000000c1c00000, 0x00000000c4700000, 0x00000000eb400000)
  object space 44032K, 20% used [0x00000000c1c00000,0x00000000c24c2090,0x00000000c4700000)
 Metaspace       used 9653K, capacity 9747K, committed 10112K, reserved 1058816K
  class space    used 999K, capacity 1040K, committed 1152K, reserved 1048576K
}
Event: 1.406 GC heap before
{Heap before GC invocations=5 (full 0):
 PSYoungGen      total 35328K, used 35302K [0x00000000eb400000, 0x00000000ed900000, 0x0000000100000000)
  eden space 32768K, 100% used [0x00000000eb400000,0x00000000ed400000,0x00000000ed400000)
  from space 2560K, 98% used [0x00000000ed680000,0x00000000ed8f9980,0x00000000ed900000)
  to   space 2560K, 0% used [0x00000000ed400000,0x00000000ed400000,0x00000000ed680000)
 ParOldGen       total 44032K, used 8968K [0x00000000c1c00000, 0x00000000c4700000, 0x00000000eb400000)
  object space 44032K, 20% used [0x00000000c1c00000,0x00000000c24c2090,0x00000000c4700000)
 Metaspace       used 9661K, capacity 9747K, committed 10112K, reserved 1058816K
  class space    used 999K, capacity 1040K, committed 1152K, reserved 1048576K
Event: 1.432 GC heap after
Heap after GC invocations=5 (full 0):
 PSYoungGen      total 35328K, used 2544K [0x00000000eb400000, 0x00000000f2900000, 0x0000000100000000)
  eden space 32768K, 0% used [0x00000000eb400000,0x00000000eb400000,0x00000000ed400000)
  from space 2560K, 99% used [0x00000000ed400000,0x00000000ed67c020,0x00000000ed680000)
  to   space 27136K, 0% used [0x00000000f0e80000,0x00000000f0e80000,0x00000000f2900000)
 ParOldGen       total 44032K, used 37991K [0x00000000c1c00000, 0x00000000c4700000, 0x00000000eb400000)
  object space 44032K, 86% used [0x00000000c1c00000,0x00000000c4119f88,0x00000000c4700000)
 Metaspace       used 9661K, capacity 9747K, committed 10112K, reserved 1058816K
  class space    used 999K, capacity 1040K, committed 1152K, reserved 1048576K
}
Event: 1.432 GC heap before
{Heap before GC invocations=6 (full 1):
 PSYoungGen      total 35328K, used 2544K [0x00000000eb400000, 0x00000000f2900000, 0x0000000100000000)
  eden space 32768K, 0% used [0x00000000eb400000,0x00000000eb400000,0x00000000ed400000)
  from space 2560K, 99% used [0x00000000ed400000,0x00000000ed67c020,0x00000000ed680000)
  to   space 27136K, 0% used [0x00000000f0e80000,0x00000000f0e80000,0x00000000f2900000)
 ParOldGen       total 44032K, used 37991K [0x00000000c1c00000, 0x00000000c4700000, 0x00000000eb400000)
  object space 44032K, 86% used [0x00000000c1c00000,0x00000000c4119f88,0x00000000c4700000)
 Metaspace       used 9661K, capacity 9747K, committed 10112K, reserved 1058816K
  class space    used 999K, capacity 1040K, committed 1152K, reserved 1048576K
Event: 1.484 GC heap after
Heap after GC invocations=6 (full 1):
 PSYoungGen      total 35328K, used 0K [0x00000000eb400000, 0x00000000f2900000, 0x0000000100000000)
  eden space 32768K, 0% used [0x00000000eb400000,0x00000000eb400000,0x00000000ed400000)
  from space 2560K, 0% used [0x00000000ed400000,0x00000000ed400000,0x00000000ed680000)
  to   space 27136K, 0% used [0x00000000f0e80000,0x00000000f0e80000,0x00000000f2900000)
 ParOldGen       total 56320K, used 10970K [0x00000000c1c00000, 0x00000000c5300000, 0x00000000eb400000)
  object space 56320K, 19% used [0x00000000c1c00000,0x00000000c26b6ab8,0x00000000c5300000)
 Metaspace       used 9661K, capacity 9747K, committed 10112K, reserved 1058816K
  class space    used 999K, capacity 1040K, committed 1152K, reserved 1048576K
}
Event: 1.638 GC heap before
{Heap before GC invocations=7 (full 1):
 PSYoungGen      total 35328K, used 32768K [0x00000000eb400000, 0x00000000f2900000, 0x0000000100000000)
  eden space 32768K, 100% used [0x00000000eb400000,0x00000000ed400000,0x00000000ed400000)
  from space 2560K, 0% used [0x00000000ed400000,0x00000000ed400000,0x00000000ed680000)
  to   space 27136K, 0% used [0x00000000f0e80000,0x00000000f0e80000,0x00000000f2900000)
 ParOldGen       total 56320K, used 10970K [0x00000000c1c00000, 0x00000000c5300000, 0x00000000eb400000)
  object space 56320K, 19% used [0x00000000c1c00000,0x00000000c26b6ab8,0x00000000c5300000)
 Metaspace       used 9664K, capacity 9747K, committed 10112K, reserved 1058816K
  class space    used 999K, capacity 1040K, committed 1152K, reserved 1048576K
Event: 1.656 GC heap after
Heap after GC invocations=7 (full 1):
 PSYoungGen      total 79360K, used 19776K [0x00000000eb400000, 0x00000000f2500000, 0x0000000100000000)
  eden space 56320K, 0% used [0x00000000eb400000,0x00000000eb400000,0x00000000eeb00000)
  from space 23040K, 85% used [0x00000000f0e80000,0x00000000f21d0000,0x00000000f2500000)
  to   space 29696K, 0% used [0x00000000eeb00000,0x00000000eeb00000,0x00000000f0800000)
 ParOldGen       total 56320K, used 10970K [0x00000000c1c00000, 0x00000000c5300000, 0x00000000eb400000)
  object space 56320K, 19% used [0x00000000c1c00000,0x00000000c26b6ab8,0x00000000c5300000)
 Metaspace       used 9664K, capacity 9747K, committed 10112K, reserved 1058816K
  class space    used 999K, capacity 1040K, committed 1152K, reserved 1048576K
}

Deoptimization events (10 events):
Event: 1.722 Thread 0x00000000173d4800 Uncommon trap: reason=unstable_if action=reinterpret pc=0x0000000003449f44 method=com.badlogic.gdx.assets.AssetManager.finishLoading()V @ 13
Event: 1.734 Thread 0x00000000173d4800 Uncommon trap: reason=unstable_if action=reinterpret pc=0x000000000333b3f8 method=java.lang.String.<init>([CII)V @ 18
Event: 1.804 Thread 0x00000000173d4800 Uncommon trap: reason=unstable_if action=reinterpret pc=0x00000000034dbba8 method=java.lang.StringCoding.decode(Ljava/lang/String;[BII)[C @ 38
Event: 1.926 Thread 0x00000000173d4800 Uncommon trap: reason=unstable_if action=reinterpret pc=0x0000000003521fac method=com.badlogic.gdx.graphics.g2d.freetype.FreeTypeFontGenerator$FreeTypeBitmapFontData.getGlyph(C)Lcom/badlogic/gdx/graphics/g2d/BitmapFont$Glyph; @ 7
Event: 1.943 Thread 0x00000000173d4800 Uncommon trap: reason=array_check action=maybe_recompile pc=0x00000000034eeb4c method=com.badlogic.gdx.utils.Array.add(Ljava/lang/Object;)V @ 46
Event: 1.944 Thread 0x00000000173d4800 Uncommon trap: reason=array_check action=maybe_recompile pc=0x00000000034eeb4c method=com.badlogic.gdx.utils.Array.add(Ljava/lang/Object;)V @ 46
Event: 1.944 Thread 0x00000000173d4800 Uncommon trap: reason=array_check action=maybe_recompile pc=0x00000000034eeb4c method=com.badlogic.gdx.utils.Array.add(Ljava/lang/Object;)V @ 46
Event: 1.945 Thread 0x00000000173d4800 Uncommon trap: reason=array_check action=maybe_recompile pc=0x00000000034eeb4c method=com.badlogic.gdx.utils.Array.add(Ljava/lang/Object;)V @ 46
Event: 2.048 Thread 0x00000000173d4800 Uncommon trap: reason=intrinsic action=make_not_entrant pc=0x0000000003569da4 method=com.badlogic.gdx.graphics.g2d.freetype.FreeType$Bitmap.getPixmap(Lcom/badlogic/gdx/graphics/Pixmap$Format;Lcom/badlogic/gdx/graphics/Color;F)Lcom/badlogic/gdx/graphics/Pi
Event: 2.048 Thread 0x00000000173d4800 Uncommon trap: reason=intrinsic action=make_not_entrant pc=0x00000000035389b0 method=com.badlogic.gdx.graphics.g2d.freetype.FreeType$Bitmap.getPixmap(Lcom/badlogic/gdx/graphics/Pixmap$Format;Lcom/badlogic/gdx/graphics/Color;F)Lcom/badlogic/gdx/graphics/Pi

Internal exceptions (10 events):
Event: 0.183 Thread 0x00000000030a2800 Exception <a 'java/security/PrivilegedActionException'> (0x00000000eb689100) thrown at [C:\re\workspace\8-2-build-windows-amd64-cygwin\jdk8u121\8372\hotspot\src\share\vm\prims\jvm.cpp, line 1390]
Event: 0.183 Thread 0x00000000030a2800 Exception <a 'java/security/PrivilegedActionException'> (0x00000000eb689310) thrown at [C:\re\workspace\8-2-build-windows-amd64-cygwin\jdk8u121\8372\hotspot\src\share\vm\prims\jvm.cpp, line 1390]
Event: 0.183 Thread 0x00000000030a2800 Exception <a 'java/security/PrivilegedActionException'> (0x00000000eb68cf80) thrown at [C:\re\workspace\8-2-build-windows-amd64-cygwin\jdk8u121\8372\hotspot\src\share\vm\prims\jvm.cpp, line 1390]
Event: 0.183 Thread 0x00000000030a2800 Exception <a 'java/security/PrivilegedActionException'> (0x00000000eb68d190) thrown at [C:\re\workspace\8-2-build-windows-amd64-cygwin\jdk8u121\8372\hotspot\src\share\vm\prims\jvm.cpp, line 1390]
Event: 0.359 Thread 0x00000000030a2800 Exception <a 'java/security/PrivilegedActionException'> (0x00000000eb8a7910) thrown at [C:\re\workspace\8-2-build-windows-amd64-cygwin\jdk8u121\8372\hotspot\src\share\vm\prims\jvm.cpp, line 1390]
Event: 0.359 Thread 0x00000000030a2800 Exception <a 'java/security/PrivilegedActionException'> (0x00000000eb8a95e8) thrown at [C:\re\workspace\8-2-build-windows-amd64-cygwin\jdk8u121\8372\hotspot\src\share\vm\prims\jvm.cpp, line 1390]
Event: 0.359 Thread 0x00000000030a2800 Exception <a 'java/security/PrivilegedActionException'> (0x00000000eb8aa758) thrown at [C:\re\workspace\8-2-build-windows-amd64-cygwin\jdk8u121\8372\hotspot\src\share\vm\prims\jvm.cpp, line 1390]
Event: 0.359 Thread 0x00000000030a2800 Exception <a 'java/security/PrivilegedActionException'> (0x00000000eb8af8c0) thrown at [C:\re\workspace\8-2-build-windows-amd64-cygwin\jdk8u121\8372\hotspot\src\share\vm\prims\jvm.cpp, line 1390]
Event: 0.359 Thread 0x00000000030a2800 Exception <a 'java/security/PrivilegedActionException'> (0x00000000eb8b0518) thrown at [C:\re\workspace\8-2-build-windows-amd64-cygwin\jdk8u121\8372\hotspot\src\share\vm\prims\jvm.cpp, line 1390]
Event: 0.359 Thread 0x00000000030a2800 Exception <a 'java/security/PrivilegedActionException'> (0x00000000eb8b1140) thrown at [C:\re\workspace\8-2-build-windows-amd64-cygwin\jdk8u121\8372\hotspot\src\share\vm\prims\jvm.cpp, line 1390]

Events (10 events):
Event: 3.377 loading class com/badlogic/gdx/graphics/glutils/ImmediateModeRenderer20
Event: 3.377 loading class com/badlogic/gdx/graphics/glutils/ImmediateModeRenderer20 done
Event: 3.377 loading class entity/Walls
Event: 3.377 loading class entity/Walls done
Event: 3.378 loading class entity/Objects
Event: 3.378 loading class entity/Objects done
Event: 3.379 loading class com/badlogic/gdx/graphics/g3d/ModelInstance
Event: 3.379 loading class com/badlogic/gdx/graphics/g3d/ModelInstance done
Event: 3.379 loading class com/badlogic/gdx/graphics/g3d/RenderableProvider
Event: 3.379 loading class com/badlogic/gdx/graphics/g3d/RenderableProvider done


Dynamic libraries:
0x00007ff798d00000 - 0x00007ff798d37000 	C:\Program Files\Java\jre1.8.0_121\bin\javaw.exe
0x00007ffdc24a0000 - 0x00007ffdc2671000 	C:\Windows\SYSTEM32\ntdll.dll
0x00007ffdc08b0000 - 0x00007ffdc095c000 	C:\Windows\System32\KERNEL32.DLL
0x00007ffdbf810000 - 0x00007ffdbfa2d000 	C:\Windows\System32\KERNELBASE.dll
0x00007ffdc0a30000 - 0x00007ffdc0ad2000 	C:\Windows\System32\ADVAPI32.dll
0x00007ffdc2380000 - 0x00007ffdc241e000 	C:\Windows\System32\msvcrt.dll
0x00007ffdbfde0000 - 0x00007ffdbfe39000 	C:\Windows\System32\sechost.dll
0x00007ffdc0110000 - 0x00007ffdc0231000 	C:\Windows\System32\RPCRT4.dll
0x00007ffdc0cf0000 - 0x00007ffdc0e55000 	C:\Windows\System32\USER32.dll
0x00007ffdbed90000 - 0x00007ffdbedae000 	C:\Windows\System32\win32u.dll
0x00007ffdc0870000 - 0x00007ffdc08a4000 	C:\Windows\System32\GDI32.dll
0x00007ffdbe9a0000 - 0x00007ffdbeb20000 	C:\Windows\System32\gdi32full.dll
0x00007ffdb5b00000 - 0x00007ffdb5d7a000 	C:\Windows\WinSxS\amd64_microsoft.windows.common-controls_6595b64144ccf1df_6.0.14393.953_none_42151e83c686086b\COMCTL32.dll
0x00007ffdbfe40000 - 0x00007ffdc0108000 	C:\Windows\System32\combase.dll
0x00007ffdbef30000 - 0x00007ffdbf025000 	C:\Windows\System32\ucrtbase.dll
0x00007ffdbeec0000 - 0x00007ffdbef2a000 	C:\Windows\System32\bcryptPrimitives.dll
0x00007ffdbfa30000 - 0x00007ffdbfa5e000 	C:\Windows\System32\IMM32.DLL
0x000000006fc60000 - 0x000000006fd32000 	C:\Program Files\Java\jre1.8.0_121\bin\msvcr100.dll
0x000000006ff00000 - 0x000000007079b000 	C:\Program Files\Java\jre1.8.0_121\bin\server\jvm.dll
0x00007ffdc0a20000 - 0x00007ffdc0a28000 	C:\Windows\System32\PSAPI.DLL
0x00007ffdbc9a0000 - 0x00007ffdbc9a9000 	C:\Windows\SYSTEM32\WSOCK32.dll
0x00007ffdbc6e0000 - 0x00007ffdbc703000 	C:\Windows\SYSTEM32\WINMM.dll
0x00007ffdaf020000 - 0x00007ffdaf02a000 	C:\Windows\SYSTEM32\VERSION.dll
0x00007ffdc0b40000 - 0x00007ffdc0baa000 	C:\Windows\System32\WS2_32.dll
0x0000000002e40000 - 0x0000000002e6b000 	C:\Windows\SYSTEM32\WINMMBASE.dll
0x00007ffdbf030000 - 0x00007ffdbf072000 	C:\Windows\System32\cfgmgr32.dll
0x000000006fe10000 - 0x000000006fe1f000 	C:\Program Files\Java\jre1.8.0_121\bin\verify.dll
0x000000006fde0000 - 0x000000006fe09000 	C:\Program Files\Java\jre1.8.0_121\bin\java.dll
0x000000006fdc0000 - 0x000000006fdd6000 	C:\Program Files\Java\jre1.8.0_121\bin\zip.dll
0x00007ffdc0e60000 - 0x00007ffdc2368000 	C:\Windows\System32\SHELL32.dll
0x00007ffdbf080000 - 0x00007ffdbf75a000 	C:\Windows\System32\windows.storage.dll
0x00007ffdbe950000 - 0x00007ffdbe99c000 	C:\Windows\System32\powrprof.dll
0x00007ffdbfd60000 - 0x00007ffdbfdb2000 	C:\Windows\System32\shlwapi.dll
0x00007ffdbe920000 - 0x00007ffdbe92f000 	C:\Windows\System32\kernel.appcore.dll
0x00007ffdbedb0000 - 0x00007ffdbee59000 	C:\Windows\System32\shcore.dll
0x00007ffdbe930000 - 0x00007ffdbe944000 	C:\Windows\System32\profapi.dll
0x0000000065580000 - 0x0000000065616000 	C:\Users\DONADIO\AppData\Local\Temp\libgdxDONADIO\38c81921\gdx64.dll
0x00007ffdbe390000 - 0x00007ffdbe3a7000 	C:\Windows\SYSTEM32\CRYPTSP.dll
0x00007ffdbdde0000 - 0x00007ffdbde13000 	C:\Windows\system32\rsaenh.dll
0x00007ffdbe850000 - 0x00007ffdbe87b000 	C:\Windows\SYSTEM32\bcrypt.dll
0x00007ffdbe060000 - 0x00007ffdbe07f000 	C:\Windows\SYSTEM32\USERENV.dll
0x00007ffdbe380000 - 0x00007ffdbe38b000 	C:\Windows\SYSTEM32\CRYPTBASE.dll
0x000000006fda0000 - 0x000000006fdba000 	C:\Program Files\Java\jre1.8.0_121\bin\net.dll
0x00007ffdbe1e0000 - 0x00007ffdbe23c000 	C:\Windows\system32\mswsock.dll
0x00007ffdbdf60000 - 0x00007ffdbdf98000 	C:\Windows\SYSTEM32\IPHLPAPI.DLL
0x00007ffdc2370000 - 0x00007ffdc2378000 	C:\Windows\System32\NSI.dll
0x00007ffdba8d0000 - 0x00007ffdba8e6000 	C:\Windows\SYSTEM32\dhcpcsvc6.DLL
0x00007ffdba8b0000 - 0x00007ffdba8ca000 	C:\Windows\SYSTEM32\dhcpcsvc.DLL
0x000000006fd80000 - 0x000000006fd91000 	C:\Program Files\Java\jre1.8.0_121\bin\nio.dll
0x0000000180000000 - 0x0000000180053000 	C:\Users\DONADIO\AppData\Local\Temp\libgdxDONADIO\dc0f0009\lwjgl64.dll
0x00007ffdae370000 - 0x00007ffdae493000 	C:\Windows\SYSTEM32\OPENGL32.dll
0x00007ffdb39c0000 - 0x00007ffdb39ed000 	C:\Windows\SYSTEM32\GLU32.dll
0x00007ffdae040000 - 0x00007ffdae137000 	C:\Windows\SYSTEM32\DDRAW.dll
0x00007ffdb68e0000 - 0x00007ffdb68e8000 	C:\Windows\SYSTEM32\DCIMAN32.dll
0x0000000003000000 - 0x0000000003064000 	C:\Users\DONADIO\AppData\Local\Temp\libgdxDONADIO\dc0f0009\OpenAL64.dll
0x00007ffdc0bb0000 - 0x00007ffdc0ce8000 	C:\Windows\System32\ole32.dll
0x00007ffdbd050000 - 0x00007ffdbd0e5000 	C:\Windows\system32\uxtheme.dll
0x00007ffdc0240000 - 0x00007ffdc02df000 	C:\Windows\System32\clbcatq.dll
0x00007ffdbc430000 - 0x00007ffdbc5b5000 	C:\Windows\System32\PROPSYS.dll
0x00007ffdc0960000 - 0x00007ffdc0a1f000 	C:\Windows\System32\OLEAUT32.dll
0x00007ffdbeb20000 - 0x00007ffdbebbc000 	C:\Windows\System32\msvcp_win.dll
0x00007ffdb5e00000 - 0x00007ffdb5e9b000 	C:\Windows\SYSTEM32\dsound.dll
0x00007ffdb82d0000 - 0x00007ffdb8341000 	C:\Windows\System32\MMDevApi.dll
0x00007ffdbd5d0000 - 0x00007ffdbd5f8000 	C:\Windows\System32\DEVOBJ.dll
0x00007ffdb59d0000 - 0x00007ffdb5a64000 	C:\Windows\SYSTEM32\AUDIOSES.DLL
0x00007ffdbb900000 - 0x00007ffdbba36000 	C:\Windows\SYSTEM32\wintypes.dll
0x00007ffdc0710000 - 0x00007ffdc086a000 	C:\Windows\System32\MSCTF.dll
0x00007ffdbc5c0000 - 0x00007ffdbc5e6000 	C:\Windows\system32\dwmapi.dll
0x00007ffd9ae20000 - 0x00007ffd9b652000 	C:\Windows\SYSTEM32\ig7icd64.dll
0x00007ffdb9700000 - 0x00007ffdb9b64000 	C:\Windows\SYSTEM32\igdusc64.dll
0x00007ffdbc2d0000 - 0x00007ffdbc2e3000 	C:\Windows\SYSTEM32\WTSAPI32.dll
0x00007ffdb8ac0000 - 0x00007ffdb8b51000 	C:\Windows\SYSTEM32\mscms.dll
0x00007ffdacc70000 - 0x00007ffdaccb2000 	C:\Windows\SYSTEM32\icm32.dll
0x000000006a740000 - 0x000000006a7f1000 	C:\Users\DONADIO\AppData\Local\Temp\libgdxDONADIO\45317154\gdx-freetype64.dll
0x00007ffdaf220000 - 0x00007ffdaf3b2000 	C:\Windows\SYSTEM32\dbghelp.dll

VM Arguments:
jvm_args: -Dfile.encoding=Cp1252 
java_command: com.mygdx.game.desktop.DesktopLauncher
java_class_path (initial): C:\Users\DONADIO\Desktop\workspace java\Smash-hit\desktop\bin;C:\Users\DONADIO\.gradle\caches\modules-2\files-2.1\com.badlogicgames.ashley\ashley\1.7.0\a7c4083c0a42027a3c03ba7ccecef6cbe1c5f0a4\ashley-1.7.0.jar;C:\Users\DONADIO\.gradle\caches\modules-2\files-2.1\com.badlogicgames.gdx\gdx-ai\1.8.0\ec30677d8ab1a8b8aa4b853c5f4e4b1361f50bf5\gdx-ai-1.8.0.jar;C:\Users\DONADIO\.gradle\caches\modules-2\files-2.1\com.badlogicgames.gdx\gdx-backend-headless\1.9.6\d348af6c93c70dbbc23a56746051f0186334406f\gdx-backend-headless-1.9.6.jar;C:\Users\DONADIO\.gradle\caches\modules-2\files-2.1\com.badlogicgames.gdx\gdx-backend-lwjgl\1.9.6\ee7c23636ee4a942d329579daecc3ec5e517fe4c\gdx-backend-lwjgl-1.9.6.jar;C:\Users\DONADIO\.gradle\caches\modules-2\files-2.1\com.badlogicgames.gdx\gdx-box2d-platform\1.9.6\d7b6168f5afd3948fd126c0b248f66c49b73ca35\gdx-box2d-platform-1.9.6-natives-desktop.jar;C:\Users\DONADIO\.gradle\caches\modules-2\files-2.1\com.badlogicgames.gdx\gdx-box2d\1.9.6\c249ef4060a4fada952f278455c8f7b9cba3c18a\gdx-box2d-1.9.6.jar;C:\Users\DONADIO\.gradle\caches\modules-2\files-2.1\com.badlogicgames.gdx\gdx-bullet-platform\1.9.6\7b1c77c4185abda72e489d66dd2e9d87328c081\gdx-bullet-platform-1.9.6-natives-desktop.jar;C:\Users\DONADIO\.gradle\caches\modules-2\files-2.1\com.badlogicgames.gdx\gdx-bullet\1.9.6\13a6f83e5ae513c469b9998ed09409ae3667fed\gdx-bullet-1.9.6.jar;C:\Users\DONADIO\.gradle\caches\modules-2\files-2.1\com.badlogicgames.gdx\gdx-controllers-desktop\1.9.6\edcf47b2893482520a4966ec8e226312a7326c17\gdx-controllers-desktop-1.9.6.jar;C:\Users\DONADIO\.gradle\caches\modules-2\files-2.1\com.badlogicgames.gdx\gdx-controllers-platform\1.9.6\1c7ed71f8ade8f6f143f5ba42c003b183f499437\gdx-controllers-platform-1.9.6-natives-desktop.jar;C:\Users\DONADIO\.gradle\caches\modules-2\files-2.1\com.badlogicgames.gdx\gdx-controllers\1.9.6\ea1fd4884be631d9b7cd0f496b1ab39e31eb434b\gdx-controllers-1.9.6.jar;C:\Users\DONADIO\.gradle\caches\modules-2\files-2.1\com.badlogi
Launcher Type: SUN_STANDARD

Environment Variables:
JAVA_HOME=C:\Program Files\Java\jdk1.8.0_131
PATH=C:/Program Files/Java/jre1.8.0_121/bin/server;C:/Program Files/Java/jre1.8.0_121/bin;C:/Program Files/Java/jre1.8.0_121/lib/amd64;C:\ProgramData\Oracle\Java\javapath;C:\Windows\system32;C:\Windows;C:\Windows\System32\Wbem;C:\Windows\System32\WindowsPowerShell\v1.0\;D:\LINGO64_16\;MINGDIR;C:\Programmi\CodeBlocks\MinGW\bin;C:\Program Files\Microsoft SQL Server\130\Tools\Binn\;C:\Program Files\MySQL\MySQL Utilities 1.6\;C:\Users\DONADIO\AppData\Local\Microsoft\WindowsApps;;C:\Users\DONADIO\Downloads\eclipse;
USERNAME=DONADIO
OS=Windows_NT
PROCESSOR_IDENTIFIER=Intel64 Family 6 Model 58 Stepping 9, GenuineIntel



---------------  S Y S T E M  ---------------

OS: Windows 10.0 , 64 bit Build 14393 (10.0.14393.1198)

CPU:total 4 (2 cores per cpu, 2 threads per core) family 6 model 58 stepping 9, cmov, cx8, fxsr, mmx, sse, sse2, sse3, ssse3, sse4.1, sse4.2, popcnt, avx, aes, clmul, erms, ht, tsc, tscinvbit, tscinv

Memory: 4k page, physical 4077244k(721904k free), swap 10292956k(5416168k free)

vm_info: Java HotSpot(TM) 64-Bit Server VM (25.121-b13) for windows-amd64 JRE (1.8.0_121-b13), built on Dec 12 2016 18:21:36 by "java_re" with MS VC++ 10.0 (VS2010)

time: Mon Jul 03 17:24:43 2017
elapsed time: 3 seconds (0d 0h 0m 3s)

